---------------
2024-05-20 11:45:52
Starting up: Application 'C:\Users\Adminstrator\Desktop\Arsenal-Image-Mounter-v3.11.290\ArsenalImageMounter.dll' version 3.11.290, process id 13544. OS = 'Microsoft Windows 10.0.19044 X64'. Framework = .NET 8.0.5 X64
---------------
2024-05-20 11:45:53
Free mode
---------------
2024-05-20 11:48:09
Image file 'E:\Dump_of_disk\Windows 10 x64-cl1.raw', no partition table detected.

---------------
2024-05-20 11:48:24
Image file 'E:\Dump_of_disk\Windows 10 x64-cl1.raw', no partition table detected.

---------------
2024-05-20 11:50:24
Image file 'E:\Dump_of_disk\Windows 10 x64-cl1.raw', no partition table detected.

---------------
2024-05-20 11:50:39
Exit: Application 'C:\Users\Adminstrator\Desktop\Arsenal-Image-Mounter-v3.11.290\ArsenalImageMounter.dll' version 3.11.290, process id 13544. OS = 'Microsoft Windows 10.0.19044 X64'. Framework = .NET 8.0.5 X64
---------------
2024-05-20 11:50:57
Starting up: Application 'C:\Users\Adminstrator\Desktop\Arsenal-Image-Mounter-v3.11.290\ArsenalImageMounter.dll' version 3.11.290, process id 17804. OS = 'Microsoft Windows 10.0.19044 X64'. Framework = .NET 8.0.5 X64
---------------
2024-05-20 11:50:57
Free mode
---------------
2024-05-20 11:51:14
Image file 'E:\Dump_of_disk\Windows 10 x64-cl1.raw', no partition table detected.

---------------
2024-05-20 11:52:10
Exit: Application 'C:\Users\Adminstrator\Desktop\Arsenal-Image-Mounter-v3.11.290\ArsenalImageMounter.dll' version 3.11.290, process id 17804. OS = 'Microsoft Windows 10.0.19044 X64'. Framework = .NET 8.0.5 X64
---------------
2024-05-20 11:52:34
Starting up: Application 'C:\Users\Adminstrator\Desktop\Arsenal-Image-Mounter-v3.11.290\ArsenalImageMounter.dll' version 3.11.290, process id 7304. OS = 'Microsoft Windows 10.0.19044 X64'. Framework = .NET 8.0.5 X64
---------------
2024-05-20 11:52:34
Free mode
---------------
2024-05-20 11:52:45
Image file 'E:\Dump_of_disk\Windows 10 x64-cl1.iso', no partition table detected.

---------------
2024-05-20 11:53:26
Image file 'E:\Dump_of_disk\Windows 10 x64-cl1.iso', no partition table detected.

---------------
2024-05-20 11:54:13
Exit: Application 'C:\Users\Adminstrator\Desktop\Arsenal-Image-Mounter-v3.11.290\ArsenalImageMounter.dll' version 3.11.290, process id 7304. OS = 'Microsoft Windows 10.0.19044 X64'. Framework = .NET 8.0.5 X64
---------------
2024-05-20 11:54:43
Starting up: Application 'C:\Users\Adminstrator\Desktop\Arsenal-Image-Mounter-v3.11.290\ArsenalImageMounter.dll' version 3.11.290, process id 16516. OS = 'Microsoft Windows 10.0.19044 X64'. Framework = .NET 8.0.5 X64
---------------
2024-05-20 11:54:43
Free mode
---------------
2024-05-20 11:54:52
Image file 'E:\Dump_of_disk\Windows 10 x64-cl1.raw', no partition table detected.

---------------
2024-05-20 16:43:14
Exit: Application 'C:\Users\Adminstrator\Desktop\Arsenal-Image-Mounter-v3.11.290\ArsenalImageMounter.dll' version 3.11.290, process id 16516. OS = 'Microsoft Windows 10.0.19044 X64'. Framework = .NET 8.0.5 X64
---------------
2024-05-20 19:44:46
Starting up: Application 'C:\Users\Adminstrator\Desktop\Arsenal-Image-Mounter-v3.11.290\ArsenalImageMounter.dll' version 3.11.290, process id 932. OS = 'Microsoft Windows 10.0.19044 X64'. Framework = .NET 8.0.5 X64
---------------
2024-05-20 19:44:47
Free mode
---------------
2024-05-20 19:45:11
Image file 'E:\Dump_of_disk\Windows 10 x64-cl1_second_try.raw', no partition table detected.

---------------
2024-05-20 19:45:49
Exit: Application 'C:\Users\Adminstrator\Desktop\Arsenal-Image-Mounter-v3.11.290\ArsenalImageMounter.dll' version 3.11.290, process id 932. OS = 'Microsoft Windows 10.0.19044 X64'. Framework = .NET 8.0.5 X64
---------------
2024-05-20 19:46:06
Starting up: Application 'C:\Users\Adminstrator\Desktop\Arsenal-Image-Mounter-v3.11.290\ArsenalImageMounter.dll' version 3.11.290, process id 2140. OS = 'Microsoft Windows 10.0.19044 X64'. Framework = .NET 8.0.5 X64
---------------
2024-05-20 19:46:06
Free mode
---------------
2024-05-20 19:46:18
Image file 'E:\Dump_of_disk\Windows 10 x64-cl1_second_try.iso', no partition table detected.

---------------
2024-05-20 19:46:47
Image file 'E:\Dump_of_disk\Windows 10 x64-cl1.raw', no partition table detected.

---------------
2024-05-20 19:47:40
Image file 'E:\Dump_of_disk\Windows 10 x64-cl1_second_try.raw', no partition table detected.

---------------
2024-05-20 19:48:12
Image file 'E:\Dump_of_disk\Windows 10 x64-cl1_second_try.raw', no partition table detected.

---------------
2024-05-20 19:48:35
Image file 'E:\Dump_of_disk\Windows 10 x64-cl1.raw', no partition table detected.

---------------
2024-05-20 19:48:49
Image file 'E:\Dump_of_disk\Windows 10 x64-cl1_second_try.raw', no partition table detected.

---------------
2024-05-20 19:49:02
Image file 'E:\Dump_of_disk\Windows 10 x64-cl1_second_try.raw', no partition table detected.

---------------
2024-05-20 19:52:16
Image file 'E:\Dump_of_disk\Windows 10 x64-cl1_second_try.iso', no partition table detected.

---------------
2024-05-21 06:11:47
Image file 'D:\VirtualMachine\In_one_file_machine\Windows 10 x64.vmdk', detected GuidPartitionTable, 3 partitions.
0x800 - 0x647FF (EFI System), detected 'Microsoft FAT' (healthy).
0xA4800 - 0x27FF7FF (Windows Basic Data), detected 'Microsoft NTFS' (healthy).

---------------
2024-05-21 06:13:25
Image file 'D:\VirtualMachine\In_one_file_machine\Windows 10 x64.vmdk', detected GuidPartitionTable, 3 partitions.
0x800 - 0x647FF (EFI System), detected 'Microsoft FAT' (healthy).
0xA4800 - 0x27FF7FF (Windows Basic Data), detected 'Microsoft NTFS' (healthy).

---------------
2024-05-21 06:26:18
Exit: Application 'C:\Users\Adminstrator\Desktop\Arsenal-Image-Mounter-v3.11.290\ArsenalImageMounter.dll' version 3.11.290, process id 2140. OS = 'Microsoft Windows 10.0.19044 X64'. Framework = .NET 8.0.5 X64
---------------
2024-05-21 06:30:51
Starting up: Application 'C:\Users\Adminstrator\Desktop\Arsenal-Image-Mounter-v3.11.290\ArsenalImageMounter.dll' version 3.11.290, process id 16628. OS = 'Microsoft Windows 10.0.19044 X64'. Framework = .NET 8.0.5 X64
---------------
2024-05-21 06:30:52
Free mode
---------------
2024-05-21 06:31:10
Image file 'D:\VirtualMachine\In_one_file_machine\Windows 10 x64.vmdk', detected GuidPartitionTable, 3 partitions.
0x800 - 0x647FF (EFI System), detected 'Microsoft FAT' (healthy).
0xA4800 - 0x27FF7FF (Windows Basic Data), detected 'Microsoft NTFS' (healthy).

---------------
2024-05-21 07:04:56
Image file 'D:\VirtualMachine\In_one_file_machine\Windows 10 x64.vmdk', detected GuidPartitionTable, 3 partitions.
0x800 - 0x647FF (EFI System), detected 'Microsoft FAT' (healthy).
0xA4800 - 0x27FF7FF (Windows Basic Data), detected 'Microsoft NTFS' (healthy).

---------------
2024-05-21 14:16:30
Exit: Application 'C:\Users\Adminstrator\Desktop\Arsenal-Image-Mounter-v3.11.290\ArsenalImageMounter.dll' version 3.11.290, process id 16628. OS = 'Microsoft Windows 10.0.19044 X64'. Framework = .NET 8.0.5 X64
